<?xml version="1.0" encoding="UTF-8"?>
<!-- Generated by org.testng.reporters.JUnitXMLReporter -->
<testsuite ignored="0" hostname="Rajkumar" failures="1" tests="2" name="Test" time="7.906" errors="0" timestamp="2022-04-20T12:46:26 IST">
  <testcase classname="Testing.Testclass" name="validateUsername" time="1.39"/>
  <testcase classname="Testing.Testclass1" name="ValidateMargin" time="0.004">
    <failure type="java.lang.NullPointerException" message="Cannot invoke &amp;quot;PomPackage.StatementPage.ClickOnButton()&amp;quot; because &amp;quot;this.statement1&amp;quot; is null">
      <![CDATA[java.lang.NullPointerException: Cannot invoke "PomPackage.StatementPage.ClickOnButton()" because "this.statement1" is null
at Testing.Testclass1.ValidateMargin(Testclass1.java:21)
at java.base/java.util.ArrayList.forEach(ArrayList.java:1511)
... Removed 36 stack frames]]>
    </failure>
  </testcase> <!-- ValidateMargin -->
</testsuite> <!-- Test -->
