<?xml version="1.0" encoding="UTF-8"?>
<testng-results ignored="0" total="2" passed="1" failed="1" skipped="0">
  <reporter-output>
    <line>
      <![CDATA[Test case validated ,Test case is passed]]>
    </line>
  </reporter-output>
  <suite started-at="2022-04-20T12:46:18 IST" name="Suite" finished-at="2022-04-20T12:46:26 IST" duration-ms="7906">
    <groups>
    </groups>
    <test started-at="2022-04-20T12:46:18 IST" name="Test" finished-at="2022-04-20T12:46:26 IST" duration-ms="7906">
      <class name="Testing.Testclass1">
        <test-method signature="ValidateMargin()[pri:2, instance:Testing.Testclass1@55b0dcab]" started-at="2022-04-20T12:46:26 IST" name="ValidateMargin" finished-at="2022-04-20T12:46:26 IST" duration-ms="4" status="FAIL">
          <exception class="java.lang.NullPointerException">
            <message>
              <![CDATA[Cannot invoke "PomPackage.StatementPage.ClickOnButton()" because "this.statement1" is null]]>
            </message>
            <full-stacktrace>
              <![CDATA[java.lang.NullPointerException: Cannot invoke "PomPackage.StatementPage.ClickOnButton()" because "this.statement1" is null
at Testing.Testclass1.ValidateMargin(Testclass1.java:21)
at java.base/jdk.internal.reflect.NativeMethodAccessorImpl.invoke0(Native Method)
at java.base/jdk.internal.reflect.NativeMethodAccessorImpl.invoke(NativeMethodAccessorImpl.java:77)
at java.base/jdk.internal.reflect.DelegatingMethodAccessorImpl.invoke(DelegatingMethodAccessorImpl.java:43)
at java.base/java.lang.reflect.Method.invoke(Method.java:568)
at org.testng.internal.invokers.MethodInvocationHelper.invokeMethod(MethodInvocationHelper.java:135)
at org.testng.internal.invokers.TestInvoker.invokeMethod(TestInvoker.java:673)
at org.testng.internal.invokers.TestInvoker.invokeTestMethod(TestInvoker.java:220)
at org.testng.internal.invokers.MethodRunner.runInSequence(MethodRunner.java:50)
at org.testng.internal.invokers.TestInvoker$MethodInvocationAgent.invoke(TestInvoker.java:945)
at org.testng.internal.invokers.TestInvoker.invokeTestMethods(TestInvoker.java:193)
at org.testng.internal.invokers.TestMethodWorker.invokeTestMethods(TestMethodWorker.java:146)
at org.testng.internal.invokers.TestMethodWorker.run(TestMethodWorker.java:128)
at java.base/java.util.ArrayList.forEach(ArrayList.java:1511)
at org.testng.TestRunner.privateRun(TestRunner.java:808)
at org.testng.TestRunner.run(TestRunner.java:603)
at org.testng.SuiteRunner.runTest(SuiteRunner.java:429)
at org.testng.SuiteRunner.runSequentially(SuiteRunner.java:423)
at org.testng.SuiteRunner.privateRun(SuiteRunner.java:383)
at org.testng.SuiteRunner.run(SuiteRunner.java:326)
at org.testng.SuiteRunnerWorker.runSuite(SuiteRunnerWorker.java:52)
at org.testng.SuiteRunnerWorker.run(SuiteRunnerWorker.java:95)
at org.testng.TestNG.runSuitesSequentially(TestNG.java:1249)
at org.testng.TestNG.runSuitesLocally(TestNG.java:1169)
at org.testng.TestNG.runSuites(TestNG.java:1092)
at org.testng.TestNG.run(TestNG.java:1060)
at org.apache.maven.surefire.testng.TestNGExecutor.run(TestNGExecutor.java:178)
at org.apache.maven.surefire.testng.TestNGXmlTestSuite.execute(TestNGXmlTestSuite.java:92)
at org.apache.maven.surefire.testng.TestNGProvider.invoke(TestNGProvider.java:96)
at java.base/jdk.internal.reflect.NativeMethodAccessorImpl.invoke0(Native Method)
at java.base/jdk.internal.reflect.NativeMethodAccessorImpl.invoke(NativeMethodAccessorImpl.java:77)
at java.base/jdk.internal.reflect.DelegatingMethodAccessorImpl.invoke(DelegatingMethodAccessorImpl.java:43)
at java.base/java.lang.reflect.Method.invoke(Method.java:568)
at org.apache.maven.surefire.util.ReflectionUtils.invokeMethodWithArray(ReflectionUtils.java:189)
at org.apache.maven.surefire.booter.ProviderFactory$ProviderProxy.invoke(ProviderFactory.java:165)
at org.apache.maven.surefire.booter.ProviderFactory.invokeProvider(ProviderFactory.java:85)
at org.apache.maven.surefire.booter.ForkedBooter.runSuitesInProcess(ForkedBooter.java:115)
at org.apache.maven.surefire.booter.ForkedBooter.main(ForkedBooter.java:75)
]]>
            </full-stacktrace>
          </exception> <!-- java.lang.NullPointerException -->
          <reporter-output>
          </reporter-output>
        </test-method> <!-- ValidateMargin -->
      </class> <!-- Testing.Testclass1 -->
      <class name="Testing.Testclass">
        <test-method is-config="true" signature="Lounchbrowser(java.lang.String)[pri:0, instance:Testing.Testclass@7770f470]" started-at="2022-04-20T12:46:18 IST" name="Lounchbrowser" finished-at="2022-04-20T12:46:24 IST" duration-ms="5710" status="PASS">
          <params>
            <param index="0">
              <value>
                <![CDATA[chrome]]>
              </value>
            </param>
          </params>
          <reporter-output>
          </reporter-output>
        </test-method> <!-- Lounchbrowser -->
        <test-method is-config="true" signature="loginKiteApp()[pri:0, instance:Testing.Testclass@7770f470]" started-at="2022-04-20T12:46:24 IST" name="loginKiteApp" finished-at="2022-04-20T12:46:24 IST" duration-ms="600" status="PASS">
          <reporter-output>
          </reporter-output>
        </test-method> <!-- loginKiteApp -->
        <test-method signature="validateUsername()[pri:1, instance:Testing.Testclass@7770f470]" started-at="2022-04-20T12:46:24 IST" name="validateUsername" finished-at="2022-04-20T12:46:26 IST" duration-ms="1390" status="PASS">
          <reporter-output>
            <line>
              <![CDATA[Test case validated ,Test case is passed]]>
            </line>
          </reporter-output>
        </test-method> <!-- validateUsername -->
      </class> <!-- Testing.Testclass -->
    </test> <!-- Test -->
  </suite> <!-- Suite -->
</testng-results>
