<?xml version="1.0" encoding="UTF-8" ?>
<testsuite tests="2" failures="1" name="TestSuite" time="1.575" errors="0" skipped="0">
  <properties>
[...]
</properties>
  <testcase classname="Testing.Testclass" name="validateUsername" time="1.397"/>
  <testcase classname="Testing.Testclass1" name="ValidateMargin" time="0.178">
    <failure message="Cannot invoke &quot;PomPackage.StatementPage.ClickOnButton()&quot; because &quot;this.statement1&quot; is null" type="java.lang.NullPointerException">java.lang.NullPointerException: Cannot invoke &quot;PomPackage.StatementPage.ClickOnButton()&quot; because &quot;this.statement1&quot; is null
	at Testing.Testclass1.ValidateMargin(Testclass1.java:21)
</failure>
    <system-out>test case is running ValidateMargin
Sorry your Test case is failValidateMargin
</system-out>
  </testcase>
</testsuite>